<?xml version="1.0" encoding="UTF-8"?>
<!-- Generated by org.testng.reporters.JUnitXMLReporter -->
<testsuite ignored="0" hostname="IN-DCY1GK3" failures="1" tests="1" name="Test" time="12.446" errors="0" timestamp="2023-11-30T20:07:19 IST">
  <testcase classname="test.LoginCICDTest" name="login" time="3.78">
    <failure type="java.lang.AssertionError" message="expected [false] but found [true]">
      <![CDATA[java.lang.AssertionError: expected [false] but found [true]
at test.LoginCICDTest.login(LoginCICDTest.java:22)
at java.base/java.util.ArrayList.forEach(ArrayList.java:1511)
... Removed 31 stack frames]]>
    </failure>
  </testcase> <!-- login -->
</testsuite> <!-- Test -->
