<?xml version="1.0" encoding="UTF-8"?>
<testng-results ignored="0" total="1" passed="1" failed="0" skipped="0">
  <reporter-output>
  </reporter-output>
  <suite started-at="2023-12-01T18:02:18 IST" name="Suite" finished-at="2023-12-01T18:02:42 IST" duration-ms="23326">
    <groups>
    </groups>
    <test started-at="2023-12-01T18:02:18 IST" name="Test" finished-at="2023-12-01T18:02:42 IST" duration-ms="23326">
      <class name="test.LoginCICDTest">
        <test-method is-config="true" signature="initializeWebDriver()[pri:0, instance:test.LoginCICDTest@59662a0b]" started-at="2023-12-01T18:02:19 IST" name="initializeWebDriver" finished-at="2023-12-01T18:02:31 IST" duration-ms="12080" status="PASS">
          <reporter-output>
          </reporter-output>
        </test-method> <!-- initializeWebDriver -->
        <test-method is-config="true" signature="openurl()[pri:0, instance:test.LoginCICDTest@59662a0b]" started-at="2023-12-01T18:02:31 IST" name="openurl" finished-at="2023-12-01T18:02:37 IST" duration-ms="6041" status="PASS">
          <reporter-output>
          </reporter-output>
        </test-method> <!-- openurl -->
        <test-method signature="login(java.lang.reflect.Method)[pri:0, instance:test.LoginCICDTest@59662a0b]" started-at="2023-12-01T18:02:37 IST" name="login" finished-at="2023-12-01T18:02:42 IST" duration-ms="4680" status="PASS">
          <params>
            <param index="0">
              <value>
                <![CDATA[public void test.LoginCICDTest.login(java.lang.reflect.Method)]]>
              </value>
            </param>
          </params>
          <reporter-output>
          </reporter-output>
        </test-method> <!-- login -->
        <test-method is-config="true" signature="closeBrowser()[pri:0, instance:test.LoginCICDTest@59662a0b]" started-at="2023-12-01T18:02:42 IST" name="closeBrowser" finished-at="2023-12-01T18:02:44 IST" duration-ms="1740" status="PASS">
          <reporter-output>
          </reporter-output>
        </test-method> <!-- closeBrowser -->
      </class> <!-- test.LoginCICDTest -->
    </test> <!-- Test -->
  </suite> <!-- Suite -->
</testng-results>
